gyp info it worked if it ends with ok
gyp info using node-gyp@10.0.1
gyp info using node@20.10.0 | win32 | x64
gyp info find Python using Python version 3.12.1 found at "C:\Program Files\Python312\python.exe"

gyp http GET https://nodejs.org/download/release/v20.10.0/node-v20.10.0-headers.tar.gz
gyp http 200 https://nodejs.org/download/release/v20.10.0/node-v20.10.0-headers.tar.gz
gyp http GET https://nodejs.org/download/release/v20.10.0/SHASUMS256.txt
gyp http GET https://nodejs.org/download/release/v20.10.0/win-x64/node.lib
gyp http 200 https://nodejs.org/download/release/v20.10.0/SHASUMS256.txt
gyp http 200 https://nodejs.org/download/release/v20.10.0/win-x64/node.lib
gyp info find VS using VS2022 (17.8.34330.188) found at:
gyp info find VS "C:\Program Files\Microsoft Visual Studio\2022\Community"
gyp info find VS run with --verbose for detailed information
gyp info spawn C:\Program Files\Python312\python.exe
gyp info spawn args [
gyp info spawn args 'C:\\Users\\acer\\AppData\\Roaming\\npm\\node_modules\\npm\\node_modules\\node-gyp\\gyp\\gyp_main.py',
gyp info spawn args 'binding.gyp',
gyp info spawn args '-f',
gyp info spawn args 'msvs',
gyp info spawn args '-I',
gyp info spawn args 'E:\\flutter main\\tic_tac\\node_modules\\uws\\build\\config.gypi',
gyp info spawn args '-I',
gyp info spawn args 'C:\\Users\\acer\\AppData\\Roaming\\npm\\node_modules\\npm\\node_modules\\node-gyp\\addon.gypi',
gyp info spawn args '-I',
gyp info spawn args 'C:\\Users\\acer\\AppData\\Local\\node-gyp\\Cache\\20.10.0\\include\\node\\common.gypi',
gyp info spawn args '-Dlibrary=shared_library',
gyp info spawn args '-Dvisibility=default',
gyp info spawn args '-Dnode_root_dir=C:\\Users\\acer\\AppData\\Local\\node-gyp\\Cache\\20.10.0',
gyp info spawn args '-Dnode_gyp_dir=C:\\Users\\acer\\AppData\\Roaming\\npm\\node_modules\\npm\\node_modules\\node-gyp',
gyp info spawn args '-Dnode_lib_file=C:\\\\Users\\\\acer\\\\AppData\\\\Local\\\\node-gyp\\\\Cache\\\\20.10.0\\\\<(target_arch)\\\\node.lib',
gyp info spawn args '-Dmodule_root_dir=E:\\flutter main\\tic_tac\\node_modules\\uws',
gyp info spawn args '-Dnode_engine=v8',
gyp info spawn args '--depth=.',
gyp info spawn args '--no-parallel',
gyp info spawn args '--generator-output',
gyp info spawn args 'E:\\flutter main\\tic_tac\\node_modules\\uws\\build',
gyp info spawn args '-Goutput_dir=.'
gyp info spawn args ]
gyp info spawn C:\Program Files\Microsoft Visual Studio\2022\Community\MSBuild\Current\Bin\MSBuild.exe
gyp info spawn args [
gyp info spawn args 'build\\binding.sln',
gyp info spawn args '/clp:Verbosity=minimal',
gyp info spawn args '/nologo',
gyp info spawn args '/p:Configuration=Release;Platform=x64'
gyp info spawn args ]

  Extensions.cpp
  Group.cpp
  Networking.cpp
  Hub.cpp
E:\flutter main\tic_tac\node_modules\uws\src\Hub.cpp(127,13): warning C4530: C++ exception handler used, but unwind semantics are not enabled. Specify /EHsc [E:\flutter main\tic_tac\node_modules\uws\build\uws.vcxproj]
  Node.cpp
  WebSocket.cpp
  HTTPSocket.cpp
  Socket.cpp
  addon.cpp
E:\flutter main\tic_tac\node_modules\uws\src\addon.h(21,15): warning C4996: 'node::MakeCallback': was declared deprecated [E:\flutter main\tic_tac\node_modules\uws\build\uws.vcxproj]
  (compiling source file '../src/addon.cpp')
  
E:\flutter main\tic_tac\node_modules\uws\src\addon.h(37,64): error C2665: 'v8::String::Utf8Value::Utf8Value': no overloaded function could convert all the argument types [E:\flutter main\tic_tac\node_modules\uws\build\uws.vcxproj]
  (compiling source file '../src/addon.cpp')
  C:\Users\acer\AppData\Local\node-gyp\Cache\20.10.0\include\node\v8-primitive.h(526,5):
  could be 'v8::String::Utf8Value::Utf8Value(const v8::String::Utf8Value &)'
  	E:\flutter main\tic_tac\node_modules\uws\src\addon.h(37,64):
  	'v8::String::Utf8Value::Utf8Value(const v8::String::Utf8Value &)': cannot convert argument 1 from 'const v8::Local<v8::Value>' to 'const v8::String::Utf8Value &'
  		E:\flutter main\tic_tac\node_modules\uws\src\addon.h(37,65):
  		Reason: cannot convert from 'const v8::Local<v8::Value>' to 'const v8::String::Utf8Value'
  		E:\flutter main\tic_tac\node_modules\uws\src\addon.h(37,65):
  		No user-defined-conversion operator available that can perform this conversion, or the operator cannot be called
  E:\flutter main\tic_tac\node_modules\uws\src\addon.h(37,64):
  while trying to match the argument list '(const v8::Local<v8::Value>)'
  
E:\flutter main\tic_tac\node_modules\uws\src\addon.h(45,26): error C2039: 'Contents': is not a member of 'v8::ArrayBuffer' [E:\flutter main\tic_tac\node_modules\uws\build\uws.vcxproj]
  (compiling source file '../src/addon.cpp')
  C:\Users\acer\AppData\Local\node-gyp\Cache\20.10.0\include\node\v8-wasm.h(19,7):
  see declaration of 'v8::ArrayBuffer'
  
E:\flutter main\tic_tac\node_modules\uws\src\addon.h(45,26): error C2065: 'Contents': undeclared identifier [E:\flutter main\tic_tac\node_modules\uws\build\uws.vcxproj]
  (compiling source file '../src/addon.cpp')
  
E:\flutter main\tic_tac\node_modules\uws\src\addon.h(45,35): error C2146: syntax error: missing ';' before identifier 'contents' [E:\flutter main\tic_tac\node_modules\uws\build\uws.vcxproj]
  (compiling source file '../src/addon.cpp')
  
E:\flutter main\tic_tac\node_modules\uws\src\addon.h(45,35): error C2065: 'contents': undeclared identifier [E:\flutter main\tic_tac\node_modules\uws\build\uws.vcxproj]
  (compiling source file '../src/addon.cpp')
  
E:\flutter main\tic_tac\node_modules\uws\src\addon.h(45,73): error C2039: 'GetContents': is not a member of 'v8::ArrayBuffer' [E:\flutter main\tic_tac\node_modules\uws\build\uws.vcxproj]
  (compiling source file '../src/addon.cpp')
  C:\Users\acer\AppData\Local\node-gyp\Cache\20.10.0\include\node\v8-wasm.h(19,7):
  see declaration of 'v8::ArrayBuffer'
  
E:\flutter main\tic_tac\node_modules\uws\src\addon.h(46,22): error C2065: 'contents': undeclared identifier [E:\flutter main\tic_tac\node_modules\uws\build\uws.vcxproj]
  (compiling source file '../src/addon.cpp')
  
E:\flutter main\tic_tac\node_modules\uws\src\addon.h(47,29): error C2065: 'contents': undeclared identifier [E:\flutter main\tic_tac\node_modules\uws\build\uws.vcxproj]
  (compiling source file '../src/addon.cpp')
  
E:\flutter main\tic_tac\node_modules\uws\src\addon.h(50,26): error C2039: 'Contents': is not a member of 'v8::ArrayBuffer' [E:\flutter main\tic_tac\node_modules\uws\build\uws.vcxproj]
  (compiling source file '../src/addon.cpp')
  C:\Users\acer\AppData\Local\node-gyp\Cache\20.10.0\include\node\v8-wasm.h(19,7):
  see declaration of 'v8::ArrayBuffer'
  
E:\flutter main\tic_tac\node_modules\uws\src\addon.h(50,26): error C2065: 'Contents': undeclared identifier [E:\flutter main\tic_tac\node_modules\uws\build\uws.vcxproj]
  (compiling source file '../src/addon.cpp')
  
E:\flutter main\tic_tac\node_modules\uws\src\addon.h(50,35): error C2146: syntax error: missing ';' before identifier 'contents' [E:\flutter main\tic_tac\node_modules\uws\build\uws.vcxproj]
  (compiling source file '../src/addon.cpp')
  
E:\flutter main\tic_tac\node_modules\uws\src\addon.h(50,35): error C2065: 'contents': undeclared identifier [E:\flutter main\tic_tac\node_modules\uws\build\uws.vcxproj]
  (compiling source file '../src/addon.cpp')
  
E:\flutter main\tic_tac\node_modules\uws\src\addon.h(50,59): error C2039: 'GetContents': is not a member of 'v8::ArrayBuffer' [E:\flutter main\tic_tac\node_modules\uws\build\uws.vcxproj]
  (compiling source file '../src/addon.cpp')
  C:\Users\acer\AppData\Local\node-gyp\Cache\20.10.0\include\node\v8-wasm.h(19,7):
  see declaration of 'v8::ArrayBuffer'
  
E:\flutter main\tic_tac\node_modules\uws\src\addon.h(51,22): error C2065: 'contents': undeclared identifier [E:\flutter main\tic_tac\node_modules\uws\build\uws.vcxproj]
  (compiling source file '../src/addon.cpp')
  
E:\flutter main\tic_tac\node_modules\uws\src\addon.h(52,29): error C2065: 'contents': undeclared identifier [E:\flutter main\tic_tac\node_modules\uws\build\uws.vcxproj]
  (compiling source file '../src/addon.cpp')
  
E:\flutter main\tic_tac\node_modules\uws\src\addon.h(102,72): error C2661: 'v8::ArrayBuffer::New': no overloaded function takes 3 arguments [E:\flutter main\tic_tac\node_modules\uws\build\uws.vcxproj]
  (compiling source file '../src/addon.cpp')
  E:\flutter main\tic_tac\node_modules\uws\src\addon.h(102,72):
  while trying to match the argument list '(v8::Isolate *, char *, size_t)'
  
E:\flutter main\tic_tac\node_modules\uws\src\addon.h(102,174): error C2039: 'kNormalString': is not a member of 'v8::String' [E:\flutter main\tic_tac\node_modules\uws\build\uws.vcxproj]
  (compiling source file '../src/addon.cpp')
  C:\Users\acer\AppData\Local\node-gyp\Cache\20.10.0\include\node\v8-value-serializer.h(24,7):
  see declaration of 'v8::String'
  
E:\flutter main\tic_tac\node_modules\uws\src\addon.h(102,174): error C2065: 'kNormalString': undeclared identifier [E:\flutter main\tic_tac\node_modules\uws\build\uws.vcxproj]
  (compiling source file '../src/addon.cpp')
  
E:\flutter main\tic_tac\node_modules\uws\src\addon.h(223,49): error C2660: 'v8::Value::ToObject': function does not take 0 arguments [E:\flutter main\tic_tac\node_modules\uws\build\uws.vcxproj]
  (compiling source file '../src/addon.cpp')
  C:\Users\acer\AppData\Local\node-gyp\Cache\20.10.0\include\node\v8-value.h(382,44):
  see declaration of 'v8::Value::ToObject'
  E:\flutter main\tic_tac\node_modules\uws\src\addon.h(223,49):
  while trying to match the argument list '()'
  
E:\flutter main\tic_tac\node_modules\uws\src\addon.h(223,63): error C2039: 'GetAlignedPointerFromInternalField': is not a member of 'v8::MaybeLocal<v8::Object>' [E:\flutter main\tic_tac\node_modules\uws\build\uws.vcxproj]
  (compiling source file '../src/addon.cpp')
  C:\Users\acer\AppData\Local\node-gyp\Cache\20.10.0\include\node\v8-value.h(382,25):
  see declaration of 'v8::MaybeLocal<v8::Object>'
  
E:\flutter main\tic_tac\node_modules\uws\src\addon.h(225,29): error C2660: 'v8::Value::IntegerValue': function does not take 0 arguments [E:\flutter main\tic_tac\node_modules\uws\build\uws.vcxproj]
  (compiling source file '../src/addon.cpp')
  C:\Users\acer\AppData\Local\node-gyp\Cache\20.10.0\include\node\v8-value.h(423,40):
  see declaration of 'v8::Value::IntegerValue'
  E:\flutter main\tic_tac\node_modules\uws\src\addon.h(225,29):
  while trying to match the argument list '()'
  
E:\flutter main\tic_tac\node_modules\uws\src\addon.h(225,43): error C2440: '=': cannot convert from 'v8::Maybe<int64_t>' to 'uv_os_sock_t' [E:\flutter main\tic_tac\node_modules\uws\build\uws.vcxproj]
  (compiling source file '../src/addon.cpp')
  E:\flutter main\tic_tac\node_modules\uws\src\addon.h(225,43):
  No user-defined-conversion operator available that can perform this conversion, or the operator cannot be called
  
E:\flutter main\tic_tac\node_modules\uws\src\addon.h(339,15): warning C4996: 'node::MakeCallback': was declared deprecated [E:\flutter main\tic_tac\node_modules\uws\build\uws.vcxproj]
  (compiling source file '../src/addon.cpp')
  
E:\flutter main\tic_tac\node_modules\uws\src\addon.h(403,11): error C2660: 'v8::Function::Call': function does not take 3 arguments [E:\flutter main\tic_tac\node_modules\uws\build\uws.vcxproj]
  (compiling source file '../src/addon.cpp')
  C:\Users\acer\AppData\Local\node-gyp\Cache\20.10.0\include\node\v8-function.h(55,43):
  see declaration of 'v8::Function::Call'
  E:\flutter main\tic_tac\node_modules\uws\src\addon.h(403,11):
  while trying to match the argument list '(v8::Local<v8::Primitive>, int, v8::Local<v8::Value> [1])'
  
E:\flutter main\tic_tac\node_modules\uws\src\addon.h(416,33): error C2660: 'v8::Value::IntegerValue': function does not take 0 arguments [E:\flutter main\tic_tac\node_modules\uws\build\uws.vcxproj]
  (compiling source file '../src/addon.cpp')
  C:\Users\acer\AppData\Local\node-gyp\Cache\20.10.0\include\node\v8-value.h(423,40):
  see declaration of 'v8::Value::IntegerValue'
  E:\flutter main\tic_tac\node_modules\uws\src\addon.h(416,33):
  while trying to match the argument list '()'
  
E:\flutter main\tic_tac\node_modules\uws\src\addon.h(425,23): error C2660: 'v8::Value::IntegerValue': function does not take 0 arguments [E:\flutter main\tic_tac\node_modules\uws\build\uws.vcxproj]
  (compiling source file '../src/addon.cpp')
  C:\Users\acer\AppData\Local\node-gyp\Cache\20.10.0\include\node\v8-value.h(423,40):
  see declaration of 'v8::Value::IntegerValue'
  E:\flutter main\tic_tac\node_modules\uws\src\addon.h(425,23):
  while trying to match the argument list '()'
  
E:\flutter main\tic_tac\node_modules\uws\src\http.h(31,123): error C2039: 'kNormalString': is not a member of 'v8::String' [E:\flutter main\tic_tac\node_modules\uws\build\uws.vcxproj]
  (compiling source file '../src/addon.cpp')
  C:\Users\acer\AppData\Local\node-gyp\Cache\20.10.0\include\node\v8-value-serializer.h(24,7):
  see declaration of 'v8::String'
  
E:\flutter main\tic_tac\node_modules\uws\src\http.h(31,123): error C2065: 'kNormalString': undeclared identifier [E:\flutter main\tic_tac\node_modules\uws\build\uws.vcxproj]
  (compiling source file '../src/addon.cpp')
  
E:\flutter main\tic_tac\node_modules\uws\src\http.h(42,30): warning C4311: 'type cast': pointer truncation from 'void *' to 'long' [E:\flutter main\tic_tac\node_modules\uws\build\uws.vcxproj]
  (compiling source file '../src/addon.cpp')
  
E:\flutter main\tic_tac\node_modules\uws\src\http.h(42,30): warning C4302: 'type cast': truncation from 'void *' to 'long' [E:\flutter main\tic_tac\node_modules\uws\build\uws.vcxproj]
  (compiling source file '../src/addon.cpp')
  
E:\flutter main\tic_tac\node_modules\uws\src\http.h(45,112): error C2039: 'kNormalString': is not a member of 'v8::String' [E:\flutter main\tic_tac\node_modules\uws\build\uws.vcxproj]
  (compiling source file '../src/addon.cpp')
  C:\Users\acer\AppData\Local\node-gyp\Cache\20.10.0\include\node\v8-value-serializer.h(24,7):
  see declaration of 'v8::String'
  
E:\flutter main\tic_tac\node_modules\uws\src\http.h(45,112): error C2065: 'kNormalString': undeclared identifier [E:\flutter main\tic_tac\node_modules\uws\build\uws.vcxproj]
  (compiling source file '../src/addon.cpp')
  
E:\flutter main\tic_tac\node_modules\uws\src\http.h(48,112): error C2039: 'kNormalString': is not a member of 'v8::String' [E:\flutter main\tic_tac\node_modules\uws\build\uws.vcxproj]
  (compiling source file '../src/addon.cpp')
  C:\Users\acer\AppData\Local\node-gyp\Cache\20.10.0\include\node\v8-value-serializer.h(24,7):
  see declaration of 'v8::String'
  
E:\flutter main\tic_tac\node_modules\uws\src\http.h(48,112): error C2065: 'kNormalString': undeclared identifier [E:\flutter main\tic_tac\node_modules\uws\build\uws.vcxproj]
  (compiling source file '../src/addon.cpp')
  
E:\flutter main\tic_tac\node_modules\uws\src\http.h(51,113): error C2039: 'kNormalString': is not a member of 'v8::String' [E:\flutter main\tic_tac\node_modules\uws\build\uws.vcxproj]
  (compiling source file '../src/addon.cpp')
  C:\Users\acer\AppData\Local\node-gyp\Cache\20.10.0\include\node\v8-value-serializer.h(24,7):
  see declaration of 'v8::String'
  
E:\flutter main\tic_tac\node_modules\uws\src\http.h(51,113): error C2065: 'kNormalString': undeclared identifier [E:\flutter main\tic_tac\node_modules\uws\build\uws.vcxproj]
  (compiling source file '../src/addon.cpp')
  
E:\flutter main\tic_tac\node_modules\uws\src\http.h(54,113): error C2039: 'kNormalString': is not a member of 'v8::String' [E:\flutter main\tic_tac\node_modules\uws\build\uws.vcxproj]
  (compiling source file '../src/addon.cpp')
  C:\Users\acer\AppData\Local\node-gyp\Cache\20.10.0\include\node\v8-value-serializer.h(24,7):
  see declaration of 'v8::String'
  
E:\flutter main\tic_tac\node_modules\uws\src\http.h(54,113): error C2065: 'kNormalString': undeclared identifier [E:\flutter main\tic_tac\node_modules\uws\build\uws.vcxproj]
  (compiling source file '../src/addon.cpp')
  
E:\flutter main\tic_tac\node_modules\uws\src\http.h(57,114): error C2039: 'kNormalString': is not a member of 'v8::String' [E:\flutter main\tic_tac\node_modules\uws\build\uws.vcxproj]
  (compiling source file '../src/addon.cpp')
  C:\Users\acer\AppData\Local\node-gyp\Cache\20.10.0\include\node\v8-value-serializer.h(24,7):
  see declaration of 'v8::String'
  
E:\flutter main\tic_tac\node_modules\uws\src\http.h(57,114): error C2065: 'kNormalString': undeclared identifier [E:\flutter main\tic_tac\node_modules\uws\build\uws.vcxproj]
  (compiling source file '../src/addon.cpp')
  
E:\flutter main\tic_tac\node_modules\uws\src\http.h(60,114): error C2039: 'kNormalString': is not a member of 'v8::String' [E:\flutter main\tic_tac\node_modules\uws\build\uws.vcxproj]
  (compiling source file '../src/addon.cpp')
  C:\Users\acer\AppData\Local\node-gyp\Cache\20.10.0\include\node\v8-value-serializer.h(24,7):
  see declaration of 'v8::String'
  
E:\flutter main\tic_tac\node_modules\uws\src\http.h(60,114): error C2065: 'kNormalString': undeclared identifier [E:\flutter main\tic_tac\node_modules\uws\build\uws.vcxproj]
  (compiling source file '../src/addon.cpp')
  
E:\flutter main\tic_tac\node_modules\uws\src\http.h(63,115): error C2039: 'kNormalString': is not a member of 'v8::String' [E:\flutter main\tic_tac\node_modules\uws\build\uws.vcxproj]
  (compiling source file '../src/addon.cpp')
  C:\Users\acer\AppData\Local\node-gyp\Cache\20.10.0\include\node\v8-value-serializer.h(24,7):
  see declaration of 'v8::String'
  
E:\flutter main\tic_tac\node_modules\uws\src\http.h(63,115): error C2065: 'kNormalString': undeclared identifier [E:\flutter main\tic_tac\node_modules\uws\build\uws.vcxproj]
  (compiling source file '../src/addon.cpp')
  
E:\flutter main\tic_tac\node_modules\uws\src\http.h(66,116): error C2039: 'kNormalString': is not a member of 'v8::String' [E:\flutter main\tic_tac\node_modules\uws\build\uws.vcxproj]
  (compiling source file '../src/addon.cpp')
  C:\Users\acer\AppData\Local\node-gyp\Cache\20.10.0\include\node\v8-value-serializer.h(24,7):
  see declaration of 'v8::String'
  
E:\flutter main\tic_tac\node_modules\uws\src\http.h(66,116): error C2065: 'kNormalString': undeclared identifier [E:\flutter main\tic_tac\node_modules\uws\build\uws.vcxproj]
  (compiling source file '../src/addon.cpp')
  
E:\flutter main\tic_tac\node_modules\uws\src\http.h(69,116): error C2039: 'kNormalString': is not a member of 'v8::String' [E:\flutter main\tic_tac\node_modules\uws\build\uws.vcxproj]
  (compiling source file '../src/addon.cpp')
  C:\Users\acer\AppData\Local\node-gyp\Cache\20.10.0\include\node\v8-value-serializer.h(24,7):
  see declaration of 'v8::String'
  
E:\flutter main\tic_tac\node_modules\uws\src\http.h(69,116): error C2065: 'kNormalString': undeclared identifier [E:\flutter main\tic_tac\node_modules\uws\build\uws.vcxproj]
  (compiling source file '../src/addon.cpp')
  
E:\flutter main\tic_tac\node_modules\uws\src\http.h(90,29): error C2664: 'void v8::FunctionTemplate::SetClassName(v8::Local<v8::String>)': cannot convert argument 1 from 'v8::MaybeLocal<v8::String>' to 'v8::Local<v8::String>' [E:\flutter main\tic_tac\node_modules\uws\build\uws.vcxproj]
  (compiling source file '../src/addon.cpp')
  E:\flutter main\tic_tac\node_modules\uws\src\http.h(90,63):
  No user-defined-conversion operator available that can perform this conversion, or the operator cannot be called
  C:\Users\acer\AppData\Local\node-gyp\Cache\20.10.0\include\node\v8-template.h(552,8):
  see declaration of 'v8::FunctionTemplate::SetClassName'
  E:\flutter main\tic_tac\node_modules\uws\src\http.h(90,29):
  while trying to match the argument list '(v8::MaybeLocal<v8::String>)'
  
E:\flutter main\tic_tac\node_modules\uws\src\http.h(92,50): error C2665: 'v8::ObjectTemplate::SetAccessor': no overloaded function could convert all the argument types [E:\flutter main\tic_tac\node_modules\uws\build\uws.vcxproj]
  (compiling source file '../src/addon.cpp')
  C:\Users\acer\AppData\Local\node-gyp\Cache\20.10.0\include\node\v8-template.h(816,8):
  could be 'void v8::ObjectTemplate::SetAccessor(v8::Local<v8::Name>,v8::AccessorNameGetterCallback,v8::AccessorNameSetterCallback,v8::Local<v8::Value>,v8::AccessControl,v8::PropertyAttribute,v8::SideEffectType,v8::SideEffectType)'
  	E:\flutter main\tic_tac\node_modules\uws\src\http.h(92,50):
  	'void v8::ObjectTemplate::SetAccessor(v8::Local<v8::Name>,v8::AccessorNameGetterCallback,v8::AccessorNameSetterCallback,v8::Local<v8::Value>,v8::AccessControl,v8::PropertyAttribute,v8::SideEffectType,v8::SideEffectType)': cannot convert argument 1 from 'v8::MaybeLocal<v8::String>' to 'v8::Local<v8::Name>'
  		E:\flutter main\tic_tac\node_modules\uws\src\http.h(92,83):
  		No user-defined-conversion operator available that can perform this conversion, or the operator cannot be called
  C:\Users\acer\AppData\Local\node-gyp\Cache\20.10.0\include\node\v8-template.h(809,8):
  or       'void v8::ObjectTemplate::SetAccessor(v8::Local<v8::String>,v8::AccessorGetterCallback,v8::AccessorSetterCallback,v8::Local<v8::Value>,v8::AccessControl,v8::PropertyAttribute,v8::SideEffectType,v8::SideEffectType)'
  	E:\flutter main\tic_tac\node_modules\uws\src\http.h(92,50):
  	'void v8::ObjectTemplate::SetAccessor(v8::Local<v8::String>,v8::AccessorGetterCallback,v8::AccessorSetterCallback,v8::Local<v8::Value>,v8::AccessControl,v8::PropertyAttribute,v8::SideEffectType,v8::SideEffectType)': cannot convert argument 1 from 'v8::MaybeLocal<v8::String>' to 'v8::Local<v8::String>'
  		E:\flutter main\tic_tac\node_modules\uws\src\http.h(92,83):
  		No user-defined-conversion operator available that can perform this conversion, or the operator cannot be called
  E:\flutter main\tic_tac\node_modules\uws\src\http.h(92,50):
  while trying to match the argument list '(v8::MaybeLocal<v8::String>, overloaded-function)'
  
E:\flutter main\tic_tac\node_modules\uws\src\http.h(93,50): error C2665: 'v8::ObjectTemplate::SetAccessor': no overloaded function could convert all the argument types [E:\flutter main\tic_tac\node_modules\uws\build\uws.vcxproj]
  (compiling source file '../src/addon.cpp')
  C:\Users\acer\AppData\Local\node-gyp\Cache\20.10.0\include\node\v8-template.h(816,8):
  could be 'void v8::ObjectTemplate::SetAccessor(v8::Local<v8::Name>,v8::AccessorNameGetterCallback,v8::AccessorNameSetterCallback,v8::Local<v8::Value>,v8::AccessControl,v8::PropertyAttribute,v8::SideEffectType,v8::SideEffectType)'
  	E:\flutter main\tic_tac\node_modules\uws\src\http.h(93,50):
  	'void v8::ObjectTemplate::SetAccessor(v8::Local<v8::Name>,v8::AccessorNameGetterCallback,v8::AccessorNameSetterCallback,v8::Local<v8::Value>,v8::AccessControl,v8::PropertyAttribute,v8::SideEffectType,v8::SideEffectType)': cannot convert argument 1 from 'v8::MaybeLocal<v8::String>' to 'v8::Local<v8::Name>'
  		E:\flutter main\tic_tac\node_modules\uws\src\http.h(93,83):
  		No user-defined-conversion operator available that can perform this conversion, or the operator cannot be called
  C:\Users\acer\AppData\Local\node-gyp\Cache\20.10.0\include\node\v8-template.h(809,8):
  or       'void v8::ObjectTemplate::SetAccessor(v8::Local<v8::String>,v8::AccessorGetterCallback,v8::AccessorSetterCallback,v8::Local<v8::Value>,v8::AccessControl,v8::PropertyAttribute,v8::SideEffectType,v8::SideEffectType)'
  	E:\flutter main\tic_tac\node_modules\uws\src\http.h(93,50):
  	'void v8::ObjectTemplate::SetAccessor(v8::Local<v8::String>,v8::AccessorGetterCallback,v8::AccessorSetterCallback,v8::Local<v8::Value>,v8::AccessControl,v8::PropertyAttribute,v8::SideEffectType,v8::SideEffectType)': cannot convert argument 1 from 'v8::MaybeLocal<v8::String>' to 'v8::Local<v8::String>'
  		E:\flutter main\tic_tac\node_modules\uws\src\http.h(93,83):
  		No user-defined-conversion operator available that can perform this conversion, or the operator cannot be called
  E:\flutter main\tic_tac\node_modules\uws\src\http.h(93,50):
  while trying to match the argument list '(v8::MaybeLocal<v8::String>, overloaded-function)'
  
E:\flutter main\tic_tac\node_modules\uws\src\http.h(94,50): error C2665: 'v8::Template::Set': no overloaded function could convert all the argument types [E:\flutter main\tic_tac\node_modules\uws\build\uws.vcxproj]
  (compiling source file '../src/addon.cpp')
  C:\Users\acer\AppData\Local\node-gyp\Cache\20.10.0\include\node\v8-template.h(53,8):
  could be 'void v8::Template::Set(v8::Local<v8::Name>,v8::Local<v8::Data>,v8::PropertyAttribute)'
  	E:\flutter main\tic_tac\node_modules\uws\src\http.h(94,50):
  	'void v8::Template::Set(v8::Local<v8::Name>,v8::Local<v8::Data>,v8::PropertyAttribute)': cannot convert argument 1 from 'v8::MaybeLocal<v8::String>' to 'v8::Local<v8::Name>'
  		E:\flutter main\tic_tac\node_modules\uws\src\http.h(94,75):
  		No user-defined-conversion operator available that can perform this conversion, or the operator cannot be called
  E:\flutter main\tic_tac\node_modules\uws\src\http.h(94,50):
  while trying to match the argument list '(v8::MaybeLocal<v8::String>, v8::Local<v8::FunctionTemplate>)'
  
E:\flutter main\tic_tac\node_modules\uws\src\http.h(95,50): error C2665: 'v8::Template::Set': no overloaded function could convert all the argument types [E:\flutter main\tic_tac\node_modules\uws\build\uws.vcxproj]
  (compiling source file '../src/addon.cpp')
  C:\Users\acer\AppData\Local\node-gyp\Cache\20.10.0\include\node\v8-template.h(53,8):
  could be 'void v8::Template::Set(v8::Local<v8::Name>,v8::Local<v8::Data>,v8::PropertyAttribute)'
  	E:\flutter main\tic_tac\node_modules\uws\src\http.h(95,50):
  	'void v8::Template::Set(v8::Local<v8::Name>,v8::Local<v8::Data>,v8::PropertyAttribute)': cannot convert argument 1 from 'v8::MaybeLocal<v8::String>' to 'v8::Local<v8::Name>'
  		E:\flutter main\tic_tac\node_modules\uws\src\http.h(95,75):
  		No user-defined-conversion operator available that can perform this conversion, or the operator cannot be called
  E:\flutter main\tic_tac\node_modules\uws\src\http.h(95,50):
  while trying to match the argument list '(v8::MaybeLocal<v8::String>, v8::Local<v8::FunctionTemplate>)'
  
E:\flutter main\tic_tac\node_modules\uws\src\http.h(96,50): error C2665: 'v8::Template::Set': no overloaded function could convert all the argument types [E:\flutter main\tic_tac\node_modules\uws\build\uws.vcxproj]
  (compiling source file '../src/addon.cpp')
  C:\Users\acer\AppData\Local\node-gyp\Cache\20.10.0\include\node\v8-template.h(53,8):
  could be 'void v8::Template::Set(v8::Local<v8::Name>,v8::Local<v8::Data>,v8::PropertyAttribute)'
  	E:\flutter main\tic_tac\node_modules\uws\src\http.h(96,50):
  	'void v8::Template::Set(v8::Local<v8::Name>,v8::Local<v8::Data>,v8::PropertyAttribute)': cannot convert argument 1 from 'v8::MaybeLocal<v8::String>' to 'v8::Local<v8::Name>'
  		E:\flutter main\tic_tac\node_modules\uws\src\http.h(96,75):
  		No user-defined-conversion operator available that can perform this conversion, or the operator cannot be called
  E:\flutter main\tic_tac\node_modules\uws\src\http.h(96,50):
  while trying to match the argument list '(v8::MaybeLocal<v8::String>, v8::Local<v8::FunctionTemplate>)'
  
E:\flutter main\tic_tac\node_modules\uws\src\http.h(97,50): error C2665: 'v8::Template::Set': no overloaded function could convert all the argument types [E:\flutter main\tic_tac\node_modules\uws\build\uws.vcxproj]
  (compiling source file '../src/addon.cpp')
  C:\Users\acer\AppData\Local\node-gyp\Cache\20.10.0\include\node\v8-template.h(53,8):
  could be 'void v8::Template::Set(v8::Local<v8::Name>,v8::Local<v8::Data>,v8::PropertyAttribute)'
  	E:\flutter main\tic_tac\node_modules\uws\src\http.h(97,50):
  	'void v8::Template::Set(v8::Local<v8::Name>,v8::Local<v8::Data>,v8::PropertyAttribute)': cannot convert argument 1 from 'v8::MaybeLocal<v8::String>' to 'v8::Local<v8::Name>'
  		E:\flutter main\tic_tac\node_modules\uws\src\http.h(97,75):
  		No user-defined-conversion operator available that can perform this conversion, or the operator cannot be called
  E:\flutter main\tic_tac\node_modules\uws\src\http.h(97,50):
  while trying to match the argument list '(v8::MaybeLocal<v8::String>, v8::Local<v8::FunctionTemplate>)'
  
E:\flutter main\tic_tac\node_modules\uws\src\http.h(99,60): error C2660: 'v8::FunctionTemplate::GetFunction': function does not take 0 arguments [E:\flutter main\tic_tac\node_modules\uws\build\uws.vcxproj]
  (compiling source file '../src/addon.cpp')
  C:\Users\acer\AppData\Local\node-gyp\Cache\20.10.0\include\node\v8-template.h(497,46):
  see declaration of 'v8::FunctionTemplate::GetFunction'
  E:\flutter main\tic_tac\node_modules\uws\src\http.h(99,60):
  while trying to match the argument list '()'
  
E:\flutter main\tic_tac\node_modules\uws\src\http.h(99,77): error C2039: 'NewInstance': is not a member of 'v8::MaybeLocal<v8::Function>' [E:\flutter main\tic_tac\node_modules\uws\build\uws.vcxproj]
  (compiling source file '../src/addon.cpp')
  C:\Users\acer\AppData\Local\node-gyp\Cache\20.10.0\include\node\v8-script.h(722,32):
  see declaration of 'v8::MaybeLocal<v8::Function>'
  
E:\flutter main\tic_tac\node_modules\uws\src\http.h(102,30): error C2039: 'SetNamedPropertyHandler': is not a member of 'v8::ObjectTemplate' [E:\flutter main\tic_tac\node_modules\uws\build\uws.vcxproj]
  (compiling source file '../src/addon.cpp')
  C:\Users\acer\AppData\Local\node-gyp\Cache\20.10.0\include\node\v8-template.h(775,17):
  see declaration of 'v8::ObjectTemplate'
  
E:\flutter main\tic_tac\node_modules\uws\src\http.h(104,89): error C2660: 'v8::ObjectTemplate::NewInstance': function does not take 0 arguments [E:\flutter main\tic_tac\node_modules\uws\build\uws.vcxproj]
  (compiling source file '../src/addon.cpp')
  C:\Users\acer\AppData\Local\node-gyp\Cache\20.10.0\include\node\v8-template.h(783,44):
  see declaration of 'v8::ObjectTemplate::NewInstance'
  E:\flutter main\tic_tac\node_modules\uws\src\http.h(104,89):
  while trying to match the argument list '()'
  
E:\flutter main\tic_tac\node_modules\uws\src\http.h(137,72): error C2660: 'v8::Value::IntegerValue': function does not take 0 arguments [E:\flutter main\tic_tac\node_modules\uws\build\uws.vcxproj]
  (compiling source file '../src/addon.cpp')
  C:\Users\acer\AppData\Local\node-gyp\Cache\20.10.0\include\node\v8-value.h(423,40):
  see declaration of 'v8::Value::IntegerValue'
  E:\flutter main\tic_tac\node_modules\uws\src\http.h(137,72):
  while trying to match the argument list '()'
  
E:\flutter main\tic_tac\node_modules\uws\src\http.h(147,74): error C2660: 'v8::Value::ToObject': function does not take 0 arguments [E:\flutter main\tic_tac\node_modules\uws\build\uws.vcxproj]
  (compiling source file '../src/addon.cpp')
  C:\Users\acer\AppData\Local\node-gyp\Cache\20.10.0\include\node\v8-value.h(382,44):
  see declaration of 'v8::Value::ToObject'
  E:\flutter main\tic_tac\node_modules\uws\src\http.h(147,74):
  while trying to match the argument list '()'
  
E:\flutter main\tic_tac\node_modules\uws\src\http.h(147,49): error C2440: 'initializing': cannot convert from 'v8::MaybeLocal<v8::Object>' to 'v8::Local<v8::Object>' [E:\flutter main\tic_tac\node_modules\uws\build\uws.vcxproj]
  (compiling source file '../src/addon.cpp')
  E:\flutter main\tic_tac\node_modules\uws\src\http.h(147,49):
  'v8::Local<v8::Object>::Local': no overloaded function could convert all the argument types
  	C:\Users\acer\AppData\Local\node-gyp\Cache\20.10.0\include\node\v8-local-handle.h(353,1):
  	could be 'v8::Local<v8::Object>::Local(v8::Local<v8::Object> &&)'
  		E:\flutter main\tic_tac\node_modules\uws\src\http.h(147,49):
  		'v8::Local<v8::Object>::Local(v8::Local<v8::Object> &&)': cannot convert argument 1 from 'v8::MaybeLocal<v8::Object>' to 'v8::Local<v8::Object> &&'
  			E:\flutter main\tic_tac\node_modules\uws\src\http.h(147,84):
  			Reason: cannot convert from 'v8::MaybeLocal<v8::Object>' to 'v8::Local<v8::Object>'
  			E:\flutter main\tic_tac\node_modules\uws\src\http.h(147,84):
  			No user-defined-conversion operator available that can perform this conversion, or the operator cannot be called
  	C:\Users\acer\AppData\Local\node-gyp\Cache\20.10.0\include\node\v8-local-handle.h(353,1):
  	or       'v8::Local<v8::Object>::Local(const v8::Local<v8::Object> &)'
  		E:\flutter main\tic_tac\node_modules\uws\src\http.h(147,49):
  		'v8::Local<v8::Object>::Local(const v8::Local<v8::Object> &)': cannot convert argument 1 from 'v8::MaybeLocal<v8::Object>' to 'const v8::Local<v8::Object> &'
  			E:\flutter main\tic_tac\node_modules\uws\src\http.h(147,84):
  			Reason: cannot convert from 'v8::MaybeLocal<v8::Object>' to 'const v8::Local<v8::Object>'
  			E:\flutter main\tic_tac\node_modules\uws\src\http.h(147,84):
  			No user-defined-conversion operator available that can perform this conversion, or the operator cannot be called
  	C:\Users\acer\AppData\Local\node-gyp\Cache\20.10.0\include\node\v8-local-handle.h(192,3):
  	or       'v8::Local<v8::Object>::Local(void)'
  		E:\flutter main\tic_tac\node_modules\uws\src\http.h(147,49):
  		'v8::Local<v8::Object>::Local': function does not take 1 arguments
  	C:\Users\acer\AppData\Local\node-gyp\Cache\20.10.0\include\node\v8-local-handle.h(195,3):
  	or       'v8::Local<v8::Object>::Local(v8::Local<S>)'
  	E:\flutter main\tic_tac\node_modules\uws\src\http.h(147,49):
  	while trying to match the argument list '(v8::MaybeLocal<v8::Object>)'
  
E:\flutter main\tic_tac\node_modules\uws\src\http.h(148,57): error C2661: 'v8::Object::GetOwnPropertyNames': no overloaded function takes 0 arguments [E:\flutter main\tic_tac\node_modules\uws\build\uws.vcxproj]
  (compiling source file '../src/addon.cpp')
  E:\flutter main\tic_tac\node_modules\uws\src\http.h(148,57):
  while trying to match the argument list '()'
  
E:\flutter main\tic_tac\node_modules\uws\src\http.h(148,42): error C2440: 'initializing': cannot convert from 'v8::MaybeLocal<v8::Array>' to 'v8::Local<v8::Array>' [E:\flutter main\tic_tac\node_modules\uws\build\uws.vcxproj]
  (compiling source file '../src/addon.cpp')
  E:\flutter main\tic_tac\node_modules\uws\src\http.h(148,42):
  'v8::Local<v8::Array>::Local': no overloaded function could convert all the argument types
  	C:\Users\acer\AppData\Local\node-gyp\Cache\20.10.0\include\node\v8-local-handle.h(353,1):
  	could be 'v8::Local<v8::Array>::Local(v8::Local<v8::Array> &&)'
  		E:\flutter main\tic_tac\node_modules\uws\src\http.h(148,42):
  		'v8::Local<v8::Array>::Local(v8::Local<v8::Array> &&)': cannot convert argument 1 from 'v8::MaybeLocal<v8::Array>' to 'v8::Local<v8::Array> &&'
  			E:\flutter main\tic_tac\node_modules\uws\src\http.h(148,78):
  			Reason: cannot convert from 'v8::MaybeLocal<v8::Array>' to 'v8::Local<v8::Array>'
  			E:\flutter main\tic_tac\node_modules\uws\src\http.h(148,78):
  			No user-defined-conversion operator available that can perform this conversion, or the operator cannot be called
  	C:\Users\acer\AppData\Local\node-gyp\Cache\20.10.0\include\node\v8-local-handle.h(353,1):
  	or       'v8::Local<v8::Array>::Local(const v8::Local<v8::Array> &)'
  		E:\flutter main\tic_tac\node_modules\uws\src\http.h(148,42):
  		'v8::Local<v8::Array>::Local(const v8::Local<v8::Array> &)': cannot convert argument 1 from 'v8::MaybeLocal<v8::Array>' to 'const v8::Local<v8::Array> &'
  			E:\flutter main\tic_tac\node_modules\uws\src\http.h(148,78):
  			Reason: cannot convert from 'v8::MaybeLocal<v8::Array>' to 'const v8::Local<v8::Array>'
  			E:\flutter main\tic_tac\node_modules\uws\src\http.h(148,78):
  			No user-defined-conversion operator available that can perform this conversion, or the operator cannot be called
  	C:\Users\acer\AppData\Local\node-gyp\Cache\20.10.0\include\node\v8-local-handle.h(192,3):
  	or       'v8::Local<v8::Array>::Local(void)'
  		E:\flutter main\tic_tac\node_modules\uws\src\http.h(148,42):
  		'v8::Local<v8::Array>::Local': function does not take 1 arguments
  	C:\Users\acer\AppData\Local\node-gyp\Cache\20.10.0\include\node\v8-local-handle.h(195,3):
  	or       'v8::Local<v8::Array>::Local(v8::Local<S>)'
  	E:\flutter main\tic_tac\node_modules\uws\src\http.h(148,42):
  	while trying to match the argument list '(v8::MaybeLocal<v8::Array>)'
  
E:\flutter main\tic_tac\node_modules\uws\src\http.h(149,39): warning C4018: '<': signed/unsigned mismatch [E:\flutter main\tic_tac\node_modules\uws\build\uws.vcxproj]
  (compiling source file '../src/addon.cpp')
  
E:\flutter main\tic_tac\node_modules\uws\src\http.h(150,51): error C2661: 'v8::Object::Get': no overloaded function takes 1 arguments [E:\flutter main\tic_tac\node_modules\uws\build\uws.vcxproj]
  (compiling source file '../src/addon.cpp')
  E:\flutter main\tic_tac\node_modules\uws\src\http.h(150,51):
  while trying to match the argument list '(int)'
  
E:\flutter main\tic_tac\node_modules\uws\src\http.h(150,42): error C2440: 'initializing': cannot convert from 'v8::MaybeLocal<v8::Value>' to 'v8::Local<v8::Value>' [E:\flutter main\tic_tac\node_modules\uws\build\uws.vcxproj]
  (compiling source file '../src/addon.cpp')
  E:\flutter main\tic_tac\node_modules\uws\src\http.h(150,42):
  'v8::Local<v8::Value>::Local': no overloaded function could convert all the argument types
  	C:\Users\acer\AppData\Local\node-gyp\Cache\20.10.0\include\node\v8-local-handle.h(353,1):
  	could be 'v8::Local<v8::Value>::Local(v8::Local<v8::Value> &&)'
  		E:\flutter main\tic_tac\node_modules\uws\src\http.h(150,42):
  		'v8::Local<v8::Value>::Local(v8::Local<v8::Value> &&)': cannot convert argument 1 from 'v8::MaybeLocal<v8::Value>' to 'v8::Local<v8::Value> &&'
  			E:\flutter main\tic_tac\node_modules\uws\src\http.h(150,56):
  			Reason: cannot convert from 'v8::MaybeLocal<v8::Value>' to 'v8::Local<v8::Value>'
  			E:\flutter main\tic_tac\node_modules\uws\src\http.h(150,56):
  			No user-defined-conversion operator available that can perform this conversion, or the operator cannot be called
  	C:\Users\acer\AppData\Local\node-gyp\Cache\20.10.0\include\node\v8-local-handle.h(353,1):
  	or       'v8::Local<v8::Value>::Local(const v8::Local<v8::Value> &)'
  		E:\flutter main\tic_tac\node_modules\uws\src\http.h(150,42):
  		'v8::Local<v8::Value>::Local(const v8::Local<v8::Value> &)': cannot convert argument 1 from 'v8::MaybeLocal<v8::Value>' to 'const v8::Local<v8::Value> &'
  			E:\flutter main\tic_tac\node_modules\uws\src\http.h(150,56):
  			Reason: cannot convert from 'v8::MaybeLocal<v8::Value>' to 'const v8::Local<v8::Value>'
  			E:\flutter main\tic_tac\node_modules\uws\src\http.h(150,56):
  			No user-defined-conversion operator available that can perform this conversion, or the operator cannot be called
  	C:\Users\acer\AppData\Local\node-gyp\Cache\20.10.0\include\node\v8-local-handle.h(192,3):
  	or       'v8::Local<v8::Value>::Local(void)'
  		E:\flutter main\tic_tac\node_modules\uws\src\http.h(150,42):
  		'v8::Local<v8::Value>::Local': function does not take 1 arguments
  	C:\Users\acer\AppData\Local\node-gyp\Cache\20.10.0\include\node\v8-local-handle.h(195,3):
  	or       'v8::Local<v8::Value>::Local(v8::Local<S>)'
  	E:\flutter main\tic_tac\node_modules\uws\src\http.h(150,42):
  	while trying to match the argument list '(v8::MaybeLocal<v8::Value>)'
  
E:\flutter main\tic_tac\node_modules\uws\src\http.h(151,59): error C2661: 'v8::Object::Get': no overloaded function takes 1 arguments [E:\flutter main\tic_tac\node_modules\uws\build\uws.vcxproj]
  (compiling source file '../src/addon.cpp')
  E:\flutter main\tic_tac\node_modules\uws\src\http.h(151,59):
  while trying to match the argument list '(v8::Local<v8::Value>)'
  
E:\flutter main\tic_tac\node_modules\uws\src\http.h(151,44): error C2440: 'initializing': cannot convert from 'v8::MaybeLocal<v8::Value>' to 'v8::Local<v8::Value>' [E:\flutter main\tic_tac\node_modules\uws\build\uws.vcxproj]
  (compiling source file '../src/addon.cpp')
  E:\flutter main\tic_tac\node_modules\uws\src\http.h(151,44):
  'v8::Local<v8::Value>::Local': no overloaded function could convert all the argument types
  	C:\Users\acer\AppData\Local\node-gyp\Cache\20.10.0\include\node\v8-local-handle.h(353,1):
  	could be 'v8::Local<v8::Value>::Local(v8::Local<v8::Value> &&)'
  		E:\flutter main\tic_tac\node_modules\uws\src\http.h(151,44):
  		'v8::Local<v8::Value>::Local(v8::Local<v8::Value> &&)': cannot convert argument 1 from 'v8::MaybeLocal<v8::Value>' to 'v8::Local<v8::Value> &&'
  			E:\flutter main\tic_tac\node_modules\uws\src\http.h(151,64):
  			Reason: cannot convert from 'v8::MaybeLocal<v8::Value>' to 'v8::Local<v8::Value>'
  			E:\flutter main\tic_tac\node_modules\uws\src\http.h(151,64):
  			No user-defined-conversion operator available that can perform this conversion, or the operator cannot be called
  	C:\Users\acer\AppData\Local\node-gyp\Cache\20.10.0\include\node\v8-local-handle.h(353,1):
  	or       'v8::Local<v8::Value>::Local(const v8::Local<v8::Value> &)'
  		E:\flutter main\tic_tac\node_modules\uws\src\http.h(151,44):
  		'v8::Local<v8::Value>::Local(const v8::Local<v8::Value> &)': cannot convert argument 1 from 'v8::MaybeLocal<v8::Value>' to 'const v8::Local<v8::Value> &'
  			E:\flutter main\tic_tac\node_modules\uws\src\http.h(151,64):
  			Reason: cannot convert from 'v8::MaybeLocal<v8::Value>' to 'const v8::Local<v8::Value>'
  			E:\flutter main\tic_tac\node_modules\uws\src\http.h(151,64):
  			No user-defined-conversion operator available that can perform this conversion, or the operator cannot be called
  	C:\Users\acer\AppData\Local\node-gyp\Cache\20.10.0\include\node\v8-local-handle.h(192,3):
  	or       'v8::Local<v8::Value>::Local(void)'
  		E:\flutter main\tic_tac\node_modules\uws\src\http.h(151,44):
  		'v8::Local<v8::Value>::Local': function does not take 1 arguments
  	C:\Users\acer\AppData\Local\node-gyp\Cache\20.10.0\include\node\v8-local-handle.h(195,3):
  	or       'v8::Local<v8::Value>::Local(v8::Local<S>)'
  	E:\flutter main\tic_tac\node_modules\uws\src\http.h(151,44):
  	while trying to match the argument list '(v8::MaybeLocal<v8::Value>)'
  
E:\flutter main\tic_tac\node_modules\uws\src\http.h(188,29): error C2664: 'void v8::FunctionTemplate::SetClassName(v8::Local<v8::String>)': cannot convert argument 1 from 'v8::MaybeLocal<v8::String>' to 'v8::Local<v8::String>' [E:\flutter main\tic_tac\node_modules\uws\build\uws.vcxproj]
  (compiling source file '../src/addon.cpp')
  E:\flutter main\tic_tac\node_modules\uws\src\http.h(188,63):
  No user-defined-conversion operator available that can perform this conversion, or the operator cannot be called
  C:\Users\acer\AppData\Local\node-gyp\Cache\20.10.0\include\node\v8-template.h(552,8):
  see declaration of 'v8::FunctionTemplate::SetClassName'
  E:\flutter main\tic_tac\node_modules\uws\src\http.h(188,29):
  while trying to match the argument list '(v8::MaybeLocal<v8::String>)'
  
E:\flutter main\tic_tac\node_modules\uws\src\http.h(190,50): error C2665: 'v8::Template::Set': no overloaded function could convert all the argument types [E:\flutter main\tic_tac\node_modules\uws\build\uws.vcxproj]
  (compiling source file '../src/addon.cpp')
  C:\Users\acer\AppData\Local\node-gyp\Cache\20.10.0\include\node\v8-template.h(53,8):
  could be 'void v8::Template::Set(v8::Local<v8::Name>,v8::Local<v8::Data>,v8::PropertyAttribute)'
  	E:\flutter main\tic_tac\node_modules\uws\src\http.h(190,50):
  	'void v8::Template::Set(v8::Local<v8::Name>,v8::Local<v8::Data>,v8::PropertyAttribute)': cannot convert argument 1 from 'v8::MaybeLocal<v8::String>' to 'v8::Local<v8::Name>'
  		E:\flutter main\tic_tac\node_modules\uws\src\http.h(190,75):
  		No user-defined-conversion operator available that can perform this conversion, or the operator cannot be called
  E:\flutter main\tic_tac\node_modules\uws\src\http.h(190,50):
  while trying to match the argument list '(v8::MaybeLocal<v8::String>, v8::Local<v8::FunctionTemplate>)'
  
E:\flutter main\tic_tac\node_modules\uws\src\http.h(191,50): error C2665: 'v8::Template::Set': no overloaded function could convert all the argument types [E:\flutter main\tic_tac\node_modules\uws\build\uws.vcxproj]
  (compiling source file '../src/addon.cpp')
  C:\Users\acer\AppData\Local\node-gyp\Cache\20.10.0\include\node\v8-template.h(53,8):
  could be 'void v8::Template::Set(v8::Local<v8::Name>,v8::Local<v8::Data>,v8::PropertyAttribute)'
  	E:\flutter main\tic_tac\node_modules\uws\src\http.h(191,50):
  	'void v8::Template::Set(v8::Local<v8::Name>,v8::Local<v8::Data>,v8::PropertyAttribute)': cannot convert argument 1 from 'v8::MaybeLocal<v8::String>' to 'v8::Local<v8::Name>'
  		E:\flutter main\tic_tac\node_modules\uws\src\http.h(191,75):
  		No user-defined-conversion operator available that can perform this conversion, or the operator cannot be called
  E:\flutter main\tic_tac\node_modules\uws\src\http.h(191,50):
  while trying to match the argument list '(v8::MaybeLocal<v8::String>, v8::Local<v8::FunctionTemplate>)'
  
E:\flutter main\tic_tac\node_modules\uws\src\http.h(192,50): error C2665: 'v8::Template::Set': no overloaded function could convert all the argument types [E:\flutter main\tic_tac\node_modules\uws\build\uws.vcxproj]
  (compiling source file '../src/addon.cpp')
  C:\Users\acer\AppData\Local\node-gyp\Cache\20.10.0\include\node\v8-template.h(53,8):
  could be 'void v8::Template::Set(v8::Local<v8::Name>,v8::Local<v8::Data>,v8::PropertyAttribute)'
  	E:\flutter main\tic_tac\node_modules\uws\src\http.h(192,50):
  	'void v8::Template::Set(v8::Local<v8::Name>,v8::Local<v8::Data>,v8::PropertyAttribute)': cannot convert argument 1 from 'v8::MaybeLocal<v8::String>' to 'v8::Local<v8::Name>'
  		E:\flutter main\tic_tac\node_modules\uws\src\http.h(192,75):
  		No user-defined-conversion operator available that can perform this conversion, or the operator cannot be called
  E:\flutter main\tic_tac\node_modules\uws\src\http.h(192,50):
  while trying to match the argument list '(v8::MaybeLocal<v8::String>, v8::Local<v8::FunctionTemplate>)'
  
E:\flutter main\tic_tac\node_modules\uws\src\http.h(193,50): error C2665: 'v8::Template::Set': no overloaded function could convert all the argument types [E:\flutter main\tic_tac\node_modules\uws\build\uws.vcxproj]
  (compiling source file '../src/addon.cpp')
  C:\Users\acer\AppData\Local\node-gyp\Cache\20.10.0\include\node\v8-template.h(53,8):
  could be 'void v8::Template::Set(v8::Local<v8::Name>,v8::Local<v8::Data>,v8::PropertyAttribute)'
  	E:\flutter main\tic_tac\node_modules\uws\src\http.h(193,50):
  	'void v8::Template::Set(v8::Local<v8::Name>,v8::Local<v8::Data>,v8::PropertyAttribute)': cannot convert argument 1 from 'v8::MaybeLocal<v8::String>' to 'v8::Local<v8::Name>'
  		E:\flutter main\tic_tac\node_modules\uws\src\http.h(193,75):
  		No user-defined-conversion operator available that can perform this conversion, or the operator cannot be called
  E:\flutter main\tic_tac\node_modules\uws\src\http.h(193,50):
  while trying to match the argument list '(v8::MaybeLocal<v8::String>, v8::Local<v8::FunctionTemplate>)'
  
E:\flutter main\tic_tac\node_modules\uws\src\http.h(194,50): error C2665: 'v8::Template::Set': no overloaded function could convert all the argument types [E:\flutter main\tic_tac\node_modules\uws\build\uws.vcxproj]
  (compiling source file '../src/addon.cpp')
  C:\Users\acer\AppData\Local\node-gyp\Cache\20.10.0\include\node\v8-template.h(53,8):
  could be 'void v8::Template::Set(v8::Local<v8::Name>,v8::Local<v8::Data>,v8::PropertyAttribute)'
  	E:\flutter main\tic_tac\node_modules\uws\src\http.h(194,50):
  	'void v8::Template::Set(v8::Local<v8::Name>,v8::Local<v8::Data>,v8::PropertyAttribute)': cannot convert argument 1 from 'v8::MaybeLocal<v8::String>' to 'v8::Local<v8::Name>'
  		E:\flutter main\tic_tac\node_modules\uws\src\http.h(194,75):
  		No user-defined-conversion operator available that can perform this conversion, or the operator cannot be called
  E:\flutter main\tic_tac\node_modules\uws\src\http.h(194,50):
  while trying to match the argument list '(v8::MaybeLocal<v8::String>, v8::Local<v8::FunctionTemplate>)'
  
E:\flutter main\tic_tac\node_modules\uws\src\http.h(195,50): error C2665: 'v8::Template::Set': no overloaded function could convert all the argument types [E:\flutter main\tic_tac\node_modules\uws\build\uws.vcxproj]
  (compiling source file '../src/addon.cpp')
  C:\Users\acer\AppData\Local\node-gyp\Cache\20.10.0\include\node\v8-template.h(53,8):
  could be 'void v8::Template::Set(v8::Local<v8::Name>,v8::Local<v8::Data>,v8::PropertyAttribute)'
  	E:\flutter main\tic_tac\node_modules\uws\src\http.h(195,50):
  	'void v8::Template::Set(v8::Local<v8::Name>,v8::Local<v8::Data>,v8::PropertyAttribute)': cannot convert argument 1 from 'v8::MaybeLocal<v8::String>' to 'v8::Local<v8::Name>'
  		E:\flutter main\tic_tac\node_modules\uws\src\http.h(195,75):
  		No user-defined-conversion operator available that can perform this conversion, or the operator cannot be called
  E:\flutter main\tic_tac\node_modules\uws\src\http.h(195,50):
  while trying to match the argument list '(v8::MaybeLocal<v8::String>, v8::Local<v8::FunctionTemplate>)'
  
E:\flutter main\tic_tac\node_modules\uws\src\http.h(196,36): error C2660: 'v8::FunctionTemplate::GetFunction': function does not take 0 arguments [E:\flutter main\tic_tac\node_modules\uws\build\uws.vcxproj]
  (compiling source file '../src/addon.cpp')
  C:\Users\acer\AppData\Local\node-gyp\Cache\20.10.0\include\node\v8-template.h(497,46):
  see declaration of 'v8::FunctionTemplate::GetFunction'
  E:\flutter main\tic_tac\node_modules\uws\src\http.h(196,36):
  while trying to match the argument list '()'
  
E:\flutter main\tic_tac\node_modules\uws\src\http.h(196,53): error C2039: 'NewInstance': is not a member of 'v8::MaybeLocal<v8::Function>' [E:\flutter main\tic_tac\node_modules\uws\build\uws.vcxproj]
  (compiling source file '../src/addon.cpp')
  C:\Users\acer\AppData\Local\node-gyp\Cache\20.10.0\include\node\v8-script.h(722,32):
  see declaration of 'v8::MaybeLocal<v8::Function>'
  
E:\flutter main\tic_tac\node_modules\uws\src\http.h(226,60): warning C4312: 'type cast': conversion from 'long' to 'void *' of greater size [E:\flutter main\tic_tac\node_modules\uws\build\uws.vcxproj]
  (compiling source file '../src/addon.cpp')
  
E:\flutter main\tic_tac\node_modules\uws\src\http.h(227,116): error C2039: 'kNormalString': is not a member of 'v8::String' [E:\flutter main\tic_tac\node_modules\uws\build\uws.vcxproj]
  (compiling source file '../src/addon.cpp')
  C:\Users\acer\AppData\Local\node-gyp\Cache\20.10.0\include\node\v8-value-serializer.h(24,7):
  see declaration of 'v8::String'
  
E:\flutter main\tic_tac\node_modules\uws\src\http.h(227,116): error C2065: 'kNormalString': undeclared identifier [E:\flutter main\tic_tac\node_modules\uws\build\uws.vcxproj]
  (compiling source file '../src/addon.cpp')
  
E:\flutter main\tic_tac\node_modules\uws\src\http.h(227,22): error C2660: 'v8::Object::SetInternalField': function does not take 1 arguments [E:\flutter main\tic_tac\node_modules\uws\build\uws.vcxproj]
  (compiling source file '../src/addon.cpp')
  C:\Users\acer\AppData\Local\node-gyp\Cache\20.10.0\include\node\v8-object.h(483,8):
  see declaration of 'v8::Object::SetInternalField'
  E:\flutter main\tic_tac\node_modules\uws\src\http.h(227,22):
  while trying to match the argument list '(int)'
  
E:\flutter main\tic_tac\node_modules\uws\src\http.h(230,64): error C2660: 'v8::Function::Call': function does not take 3 arguments [E:\flutter main\tic_tac\node_modules\uws\build\uws.vcxproj]
  (compiling source file '../src/addon.cpp')
  C:\Users\acer\AppData\Local\node-gyp\Cache\20.10.0\include\node\v8-function.h(55,43):
  see declaration of 'v8::Function::Call'
  E:\flutter main\tic_tac\node_modules\uws\src\http.h(230,64):
  while trying to match the argument list '(v8::Local<v8::Object>, int, v8::Local<v8::Value> [2])'
  
E:\flutter main\tic_tac\node_modules\uws\src\http.h(235,57): error C2661: 'v8::ArrayBuffer::New': no overloaded function takes 3 arguments [E:\flutter main\tic_tac\node_modules\uws\build\uws.vcxproj]
  (compiling source file '../src/addon.cpp')
  E:\flutter main\tic_tac\node_modules\uws\src\http.h(235,57):
  while trying to match the argument list '(v8::Isolate *const , char *, size_t)'
  
E:\flutter main\tic_tac\node_modules\uws\src\http.h(235,41): error C3078: array size must be specified in new expressions without an initializer [E:\flutter main\tic_tac\node_modules\uws\build\uws.vcxproj]
  (compiling source file '../src/addon.cpp')
  
E:\flutter main\tic_tac\node_modules\uws\src\http.h(236,56): error C2660: 'v8::Function::Call': function does not take 3 arguments [E:\flutter main\tic_tac\node_modules\uws\build\uws.vcxproj]
  (compiling source file '../src/addon.cpp')
  C:\Users\acer\AppData\Local\node-gyp\Cache\20.10.0\include\node\v8-function.h(55,43):
  see declaration of 'v8::Function::Call'
  E:\flutter main\tic_tac\node_modules\uws\src\http.h(236,56):
  while trying to match the argument list '(v8::Local<v8::Object>, int, v8::Local<v8::Value> [])'
  
E:\flutter main\tic_tac\node_modules\uws\src\http.h(242,59): error C2660: 'v8::Function::Call': function does not take 3 arguments [E:\flutter main\tic_tac\node_modules\uws\build\uws.vcxproj]
  (compiling source file '../src/addon.cpp')
  C:\Users\acer\AppData\Local\node-gyp\Cache\20.10.0\include\node\v8-function.h(55,43):
  see declaration of 'v8::Function::Call'
  E:\flutter main\tic_tac\node_modules\uws\src\http.h(242,59):
  while trying to match the argument list '(v8::Local<v8::Object>, int, nullptr)'
  
E:\flutter main\tic_tac\node_modules\uws\src\http.h(265,53): error C2660: 'v8::Function::Call': function does not take 3 arguments [E:\flutter main\tic_tac\node_modules\uws\build\uws.vcxproj]
  (compiling source file '../src/addon.cpp')
  C:\Users\acer\AppData\Local\node-gyp\Cache\20.10.0\include\node\v8-function.h(55,43):
  see declaration of 'v8::Function::Call'
  E:\flutter main\tic_tac\node_modules\uws\src\http.h(265,53):
  while trying to match the argument list '(v8::Local<v8::Object>, int, nullptr)'
  
E:\flutter main\tic_tac\node_modules\uws\src\http.h(279,53): error C2661: 'v8::ArrayBuffer::New': no overloaded function takes 3 arguments [E:\flutter main\tic_tac\node_modules\uws\build\uws.vcxproj]
  (compiling source file '../src/addon.cpp')
  E:\flutter main\tic_tac\node_modules\uws\src\http.h(279,53):
  while trying to match the argument list '(v8::Isolate *const , char *, size_t)'
  
E:\flutter main\tic_tac\node_modules\uws\src\http.h(279,37): error C3078: array size must be specified in new expressions without an initializer [E:\flutter main\tic_tac\node_modules\uws\build\uws.vcxproj]
  (compiling source file '../src/addon.cpp')
  
E:\flutter main\tic_tac\node_modules\uws\src\http.h(280,52): error C2660: 'v8::Function::Call': function does not take 3 arguments [E:\flutter main\tic_tac\node_modules\uws\build\uws.vcxproj]
  (compiling source file '../src/addon.cpp')
  C:\Users\acer\AppData\Local\node-gyp\Cache\20.10.0\include\node\v8-function.h(55,43):
  see declaration of 'v8::Function::Call'
  E:\flutter main\tic_tac\node_modules\uws\src\http.h(280,52):
  while trying to match the argument list '(v8::Local<v8::Object>, int, v8::Local<v8::Value> [])'
  
E:\flutter main\tic_tac\node_modules\uws\src\http.h(286,55): error C2660: 'v8::Function::Call': function does not take 3 arguments [E:\flutter main\tic_tac\node_modules\uws\build\uws.vcxproj]
  (compiling source file '../src/addon.cpp')
  C:\Users\acer\AppData\Local\node-gyp\Cache\20.10.0\include\node\v8-function.h(55,43):
  see declaration of 'v8::Function::Call'
  E:\flutter main\tic_tac\node_modules\uws\src\http.h(286,55):
  while trying to match the argument list '(v8::Local<v8::Object>, int, nullptr)'
  
E:\flutter main\tic_tac\node_modules\uws\src\http.h(293,108): error C2661: 'v8::Function::NewInstance': no overloaded function takes 0 arguments [E:\flutter main\tic_tac\node_modules\uws\build\uws.vcxproj]
  (compiling source file '../src/addon.cpp')
  E:\flutter main\tic_tac\node_modules\uws\src\http.h(293,108):
  while trying to match the argument list '()'
  
E:\flutter main\tic_tac\node_modules\uws\src\http.h(308,54): error C2660: 'v8::Value::IntegerValue': function does not take 0 arguments [E:\flutter main\tic_tac\node_modules\uws\build\uws.vcxproj]
  (compiling source file '../src/addon.cpp')
  C:\Users\acer\AppData\Local\node-gyp\Cache\20.10.0\include\node\v8-value.h(423,40):
  see declaration of 'v8::Value::IntegerValue'
  E:\flutter main\tic_tac\node_modules\uws\src\http.h(308,54):
  while trying to match the argument list '()'
  
E:\flutter main\tic_tac\node_modules\uws\src\http.h(311,59): error C2660: 'v8::Function::Call': function does not take 3 arguments [E:\flutter main\tic_tac\node_modules\uws\build\uws.vcxproj]
  (compiling source file '../src/addon.cpp')
  C:\Users\acer\AppData\Local\node-gyp\Cache\20.10.0\include\node\v8-function.h(55,43):
  see declaration of 'v8::Function::Call'
  E:\flutter main\tic_tac\node_modules\uws\src\http.h(311,59):
  while trying to match the argument list '(v8::Local<v8::Object>, int, nullptr)'
  
E:\flutter main\tic_tac\node_modules\uws\src\http.h(320,20): error C2661: 'v8::Object::Get': no overloaded function takes 1 arguments [E:\flutter main\tic_tac\node_modules\uws\build\uws.vcxproj]
  (compiling source file '../src/addon.cpp')
  E:\flutter main\tic_tac\node_modules\uws\src\http.h(320,20):
  while trying to match the argument list '(v8::MaybeLocal<v8::String>)'
  
E:\flutter main\tic_tac\node_modules\uws\src\http.h(320,68): error C2039: 'ToObject': is not a member of 'v8::MaybeLocal<v8::Value>' [E:\flutter main\tic_tac\node_modules\uws\build\uws.vcxproj]
  (compiling source file '../src/addon.cpp')
  C:\Users\acer\AppData\Local\node-gyp\Cache\20.10.0\include\node\v8-object.h(292,25):
  see declaration of 'v8::MaybeLocal<v8::Value>'
  
E:\flutter main\tic_tac\node_modules\uws\src\http.h(321,20): error C2661: 'v8::Object::Get': no overloaded function takes 1 arguments [E:\flutter main\tic_tac\node_modules\uws\build\uws.vcxproj]
  (compiling source file '../src/addon.cpp')
  E:\flutter main\tic_tac\node_modules\uws\src\http.h(321,20):
  while trying to match the argument list '(v8::MaybeLocal<v8::String>)'
  
E:\flutter main\tic_tac\node_modules\uws\src\http.h(321,69): error C2039: 'ToObject': is not a member of 'v8::MaybeLocal<v8::Value>' [E:\flutter main\tic_tac\node_modules\uws\build\uws.vcxproj]
  (compiling source file '../src/addon.cpp')
  C:\Users\acer\AppData\Local\node-gyp\Cache\20.10.0\include\node\v8-object.h(292,25):
  see declaration of 'v8::MaybeLocal<v8::Value>'
  
E:\flutter main\tic_tac\node_modules\uws\src\http.h(327,46): error C2661: 'v8::Function::NewInstance': no overloaded function takes 0 arguments [E:\flutter main\tic_tac\node_modules\uws\build\uws.vcxproj]
  (compiling source file '../src/addon.cpp')
  E:\flutter main\tic_tac\node_modules\uws\src\http.h(327,46):
  while trying to match the argument list '()'
  
E:\flutter main\tic_tac\node_modules\uws\src\http.h(343,19): error C2665: 'v8::Template::Set': no overloaded function could convert all the argument types [E:\flutter main\tic_tac\node_modules\uws\build\uws.vcxproj]
  (compiling source file '../src/addon.cpp')
  C:\Users\acer\AppData\Local\node-gyp\Cache\20.10.0\include\node\v8-template.h(53,8):
  could be 'void v8::Template::Set(v8::Local<v8::Name>,v8::Local<v8::Data>,v8::PropertyAttribute)'
  	E:\flutter main\tic_tac\node_modules\uws\src\http.h(343,19):
  	'void v8::Template::Set(v8::Local<v8::Name>,v8::Local<v8::Data>,v8::PropertyAttribute)': cannot convert argument 1 from 'v8::MaybeLocal<v8::String>' to 'v8::Local<v8::Name>'
  		E:\flutter main\tic_tac\node_modules\uws\src\http.h(343,44):
  		No user-defined-conversion operator available that can perform this conversion, or the operator cannot be called
  E:\flutter main\tic_tac\node_modules\uws\src\http.h(343,19):
  while trying to match the argument list '(v8::MaybeLocal<v8::String>, v8::Local<v8::FunctionTemplate>)'
  
E:\flutter main\tic_tac\node_modules\uws\src\http.h(344,19): error C2665: 'v8::Template::Set': no overloaded function could convert all the argument types [E:\flutter main\tic_tac\node_modules\uws\build\uws.vcxproj]
  (compiling source file '../src/addon.cpp')
  C:\Users\acer\AppData\Local\node-gyp\Cache\20.10.0\include\node\v8-template.h(53,8):
  could be 'void v8::Template::Set(v8::Local<v8::Name>,v8::Local<v8::Data>,v8::PropertyAttribute)'
  	E:\flutter main\tic_tac\node_modules\uws\src\http.h(344,19):
  	'void v8::Template::Set(v8::Local<v8::Name>,v8::Local<v8::Data>,v8::PropertyAttribute)': cannot convert argument 1 from 'v8::MaybeLocal<v8::String>' to 'v8::Local<v8::Name>'
  		E:\flutter main\tic_tac\node_modules\uws\src\http.h(344,44):
  		No user-defined-conversion operator available that can perform this conversion, or the operator cannot be called
  E:\flutter main\tic_tac\node_modules\uws\src\http.h(344,19):
  while trying to match the argument list '(v8::MaybeLocal<v8::String>, v8::Local<v8::FunctionTemplate>)'
  
E:\flutter main\tic_tac\node_modules\uws\src\http.h(345,19): error C2665: 'v8::Template::Set': no overloaded function could convert all the argument types [E:\flutter main\tic_tac\node_modules\uws\build\uws.vcxproj]
  (compiling source file '../src/addon.cpp')
  C:\Users\acer\AppData\Local\node-gyp\Cache\20.10.0\include\node\v8-template.h(53,8):
  could be 'void v8::Template::Set(v8::Local<v8::Name>,v8::Local<v8::Data>,v8::PropertyAttribute)'
  	E:\flutter main\tic_tac\node_modules\uws\src\http.h(345,19):
  	'void v8::Template::Set(v8::Local<v8::Name>,v8::Local<v8::Data>,v8::PropertyAttribute)': cannot convert argument 1 from 'v8::MaybeLocal<v8::String>' to 'v8::Local<v8::Name>'
  		E:\flutter main\tic_tac\node_modules\uws\src\http.h(345,44):
  		No user-defined-conversion operator available that can perform this conversion, or the operator cannot be called
  E:\flutter main\tic_tac\node_modules\uws\src\http.h(345,19):
  while trying to match the argument list '(v8::MaybeLocal<v8::String>, v8::Local<v8::FunctionTemplate>)'
  
E:\flutter main\tic_tac\node_modules\uws\src\http.h(346,19): error C2665: 'v8::Template::Set': no overloaded function could convert all the argument types [E:\flutter main\tic_tac\node_modules\uws\build\uws.vcxproj]
  (compiling source file '../src/addon.cpp')
  C:\Users\acer\AppData\Local\node-gyp\Cache\20.10.0\include\node\v8-template.h(53,8):
  could be 'void v8::Template::Set(v8::Local<v8::Name>,v8::Local<v8::Data>,v8::PropertyAttribute)'
  	E:\flutter main\tic_tac\node_modules\uws\src\http.h(346,19):
  	'void v8::Template::Set(v8::Local<v8::Name>,v8::Local<v8::Data>,v8::PropertyAttribute)': cannot convert argument 1 from 'v8::MaybeLocal<v8::String>' to 'v8::Local<v8::Name>'
  		E:\flutter main\tic_tac\node_modules\uws\src\http.h(346,44):
  		No user-defined-conversion operator available that can perform this conversion, or the operator cannot be called
  E:\flutter main\tic_tac\node_modules\uws\src\http.h(346,19):
  while trying to match the argument list '(v8::MaybeLocal<v8::String>, v8::Local<v8::FunctionTemplate>)'
  
E:\flutter main\tic_tac\node_modules\uws\src\http.h(347,40): error C2665: 'v8::Template::Set': no overloaded function could convert all the argument types [E:\flutter main\tic_tac\node_modules\uws\build\uws.vcxproj]
  (compiling source file '../src/addon.cpp')
  C:\Users\acer\AppData\Local\node-gyp\Cache\20.10.0\include\node\v8-template.h(53,8):
  could be 'void v8::Template::Set(v8::Local<v8::Name>,v8::Local<v8::Data>,v8::PropertyAttribute)'
  	E:\flutter main\tic_tac\node_modules\uws\src\http.h(347,40):
  	'void v8::Template::Set(v8::Local<v8::Name>,v8::Local<v8::Data>,v8::PropertyAttribute)': cannot convert argument 1 from 'v8::MaybeLocal<v8::String>' to 'v8::Local<v8::Name>'
  		E:\flutter main\tic_tac\node_modules\uws\src\http.h(347,65):
  		No user-defined-conversion operator available that can perform this conversion, or the operator cannot be called
  E:\flutter main\tic_tac\node_modules\uws\src\http.h(347,40):
  while trying to match the argument list '(v8::MaybeLocal<v8::String>, v8::Local<v8::FunctionTemplate>)'
  
E:\flutter main\tic_tac\node_modules\uws\src\http.h(348,40): error C2665: 'v8::Template::Set': no overloaded function could convert all the argument types [E:\flutter main\tic_tac\node_modules\uws\build\uws.vcxproj]
  (compiling source file '../src/addon.cpp')
  C:\Users\acer\AppData\Local\node-gyp\Cache\20.10.0\include\node\v8-template.h(53,8):
  could be 'void v8::Template::Set(v8::Local<v8::Name>,v8::Local<v8::Data>,v8::PropertyAttribute)'
  	E:\flutter main\tic_tac\node_modules\uws\src\http.h(348,40):
  	'void v8::Template::Set(v8::Local<v8::Name>,v8::Local<v8::Data>,v8::PropertyAttribute)': cannot convert argument 1 from 'v8::MaybeLocal<v8::String>' to 'v8::Local<v8::Name>'
  		E:\flutter main\tic_tac\node_modules\uws\src\http.h(348,65):
  		No user-defined-conversion operator available that can perform this conversion, or the operator cannot be called
  E:\flutter main\tic_tac\node_modules\uws\src\http.h(348,40):
  while trying to match the argument list '(v8::MaybeLocal<v8::String>, v8::Local<v8::FunctionTemplate>)'
  
E:\flutter main\tic_tac\node_modules\uws\src\http.h(348,40): error C1003: error count exceeds 100; stopping compilation [E:\flutter main\tic_tac\node_modules\uws\build\uws.vcxproj]
  (compiling source file '../src/addon.cpp')
  
gyp ERR! build error 
gyp ERR! stack Error: `C:\Program Files\Microsoft Visual Studio\2022\Community\MSBuild\Current\Bin\MSBuild.exe` failed with exit code: 1
gyp ERR! stack at ChildProcess.<anonymous> (C:\Users\acer\AppData\Roaming\npm\node_modules\npm\node_modules\node-gyp\lib\build.js:209:23)
gyp ERR! stack at ChildProcess.emit (node:events:514:28)
gyp ERR! stack at ChildProcess._handle.onexit (node:internal/child_process:294:12)
gyp ERR! System Windows_NT 10.0.22635
gyp ERR! command "C:\\Program Files\\nodejs\\node.exe" "C:\\Users\\acer\\AppData\\Roaming\\npm\\node_modules\\npm\\node_modules\\node-gyp\\bin\\node-gyp.js" "rebuild"
gyp ERR! cwd E:\flutter main\tic_tac\node_modules\uws
gyp ERR! node -v v20.10.0
gyp ERR! node-gyp -v v10.0.1
gyp ERR! not ok 
